<?xml version="1.0" encoding="UTF-8"?>
<!-- Generated by org.testng.reporters.JUnitXMLReporter -->
<testsuite ignored="0" hostname="DESKTOP-SH6NEDM" failures="0" tests="3" name="Command line test" time="24.271" errors="0" timestamp="03 juin 2019 13:55:32 GMT">
  <testcase classname="tuto.eclipse.jal.selenium.ng.TestBookingNG" name="verifyHomepageTitle" time="1.587"/>
  <testcase classname="tuto.eclipse.testCases.TestBookingJAL1" name="testBooking1" time="0.991"/>
  <testcase classname="tuto.eclipse.jal.selenium.ng.TestBookingNG" name="verifyWeFindFlights" time="11.38"/>
</testsuite> <!-- Command line test -->
