<?xml version="1.0" encoding="UTF-8"?>
<testng-results ignored="0" total="3" passed="3" failed="0" skipped="0">
  <reporter-output>
  </reporter-output>
  <suite started-at="2019-06-03T13:55:08Z" name="Command line suite" finished-at="2019-06-03T13:55:32Z" duration-ms="24271">
    <groups>
    </groups>
    <test started-at="2019-06-03T13:55:08Z" name="Command line test" finished-at="2019-06-03T13:55:32Z" duration-ms="24271">
      <class name="tuto.eclipse.jal.selenium.ng.TestBookingNG">
        <test-method is-config="true" signature="loadTheDriver()[pri:0, instance:tuto.eclipse.jal.selenium.ng.TestBookingNG@4b41dd5c]" started-at="2019-06-03T13:55:08Z" name="loadTheDriver" finished-at="2019-06-03T13:55:11Z" duration-ms="3217" status="PASS">
          <reporter-output>
          </reporter-output>
        </test-method> <!-- loadTheDriver -->
        <test-method signature="verifyHomepageTitle()[pri:0, instance:tuto.eclipse.jal.selenium.ng.TestBookingNG@4b41dd5c]" started-at="2019-06-03T13:55:11Z" name="verifyHomepageTitle" finished-at="2019-06-03T13:55:13Z" duration-ms="1587" status="PASS">
          <reporter-output>
          </reporter-output>
        </test-method> <!-- verifyHomepageTitle -->
        <test-method signature="verifyWeFindFlights()[pri:1, instance:tuto.eclipse.jal.selenium.ng.TestBookingNG@4b41dd5c]" started-at="2019-06-03T13:55:14Z" name="verifyWeFindFlights" finished-at="2019-06-03T13:55:25Z" duration-ms="11380" status="PASS">
          <reporter-output>
          </reporter-output>
        </test-method> <!-- verifyWeFindFlights -->
        <test-method is-config="true" signature="closeTheDriver()[pri:0, instance:tuto.eclipse.jal.selenium.ng.TestBookingNG@4b41dd5c]" started-at="2019-06-03T13:55:25Z" name="closeTheDriver" finished-at="2019-06-03T13:55:32Z" duration-ms="7083" status="PASS">
          <reporter-output>
          </reporter-output>
        </test-method> <!-- closeTheDriver -->
      </class> <!-- tuto.eclipse.jal.selenium.ng.TestBookingNG -->
      <class name="tuto.eclipse.testCases.TestBookingJAL1">
        <test-method signature="testBooking1()[pri:0, instance:tuto.eclipse.testCases.TestBookingJAL1@3b96c42e]" started-at="2019-06-03T13:55:13Z" name="testBooking1" finished-at="2019-06-03T13:55:14Z" duration-ms="991" status="PASS">
          <reporter-output>
          </reporter-output>
        </test-method> <!-- testBooking1 -->
      </class> <!-- tuto.eclipse.testCases.TestBookingJAL1 -->
    </test> <!-- Command line test -->
  </suite> <!-- Command line suite -->
</testng-results>
